[2019-04-25 14:32:49.139] [DEBUG] FabricConfiguration - Msp ID : Org1MSP
[2019-04-25 14:32:49.163] [DEBUG] FabricConfiguration - Msp ID : Org1MSP
[2019-04-25 14:32:49.304] [INFO] main - Please set logger.setLevel to DEBUG in ./app/helper.js to log the debugging.
[2019-04-25 14:32:49.304] [INFO] main - Please set logger.setLevel to DEBUG in ./app/helper.js to log the debugging.
[2019-04-25 14:32:49.590] [DEBUG] Query - ===========================================
[2019-04-25 14:32:49.590] [DEBUG] Query - ByteBuffer {
  buffer: <Buffer 08 04 12 20 a5 ba 09 ca ad 7f b3 d4 48 44 e1 1f a2 5f 12 c0 be ca fe 80 45 5f ec 59 78 23 3b fe 61 3f 30 fd 1a 20 49 8e 60 b9 6e 34 f0 d9 c1 50 5c 54 ... >,
  offset: 4,
  markedOffset: -1,
  limit: 36,
  littleEndian: true,
  noAssert: false }
[2019-04-25 14:32:49.595] [DEBUG] Query - ===========================================
[2019-04-25 14:32:49.596] [DEBUG] Query - ===========================================
[2019-04-25 14:32:49.597] [DEBUG] Query - ByteBuffer {
  buffer: <Buffer 08 04 12 20 a5 ba 09 ca ad 7f b3 d4 48 44 e1 1f a2 5f 12 c0 be ca fe 80 45 5f ec 59 78 23 3b fe 61 3f 30 fd 1a 20 49 8e 60 b9 6e 34 f0 d9 c1 50 5c 54 ... >,
  offset: 4,
  markedOffset: -1,
  limit: 36,
  littleEndian: true,
  noAssert: false }
[2019-04-25 14:32:49.597] [DEBUG] Query - ===========================================
[2019-04-25 14:32:49.713] [DEBUG] Query - <<< Instantiated Chaincodes >>>
[2019-04-25 14:32:49.714] [DEBUG] Query - name: fabcar, version: 1.0, path: /opt/gopath/src/github.com/fabcar/javascript
[2019-04-25 14:33:50.865] [DEBUG] platform - GetStatus All! [ { status: 'DOWN', server_hostname: 'peer0.org1.example.com' } ]
[2019-04-25 14:35:47.493] [DEBUG] platform - GetStatus All! [ { status: 'DOWN', server_hostname: 'peer0.org1.example.com' } ]
[2019-04-25 14:38:47.150] [DEBUG] FabricConfiguration - Msp ID : Org1MSP
[2019-04-25 14:38:47.195] [DEBUG] FabricConfiguration - Msp ID : Org1MSP
[2019-04-25 14:38:47.278] [INFO] main - Please set logger.setLevel to DEBUG in ./app/helper.js to log the debugging.
[2019-04-25 14:38:47.278] [INFO] main - Please set logger.setLevel to DEBUG in ./app/helper.js to log the debugging.
[2019-04-25 14:38:47.308] [DEBUG] Query - ===========================================
[2019-04-25 14:38:47.308] [DEBUG] Query - ByteBuffer {
  buffer: <Buffer 08 04 12 20 a5 ba 09 ca ad 7f b3 d4 48 44 e1 1f a2 5f 12 c0 be ca fe 80 45 5f ec 59 78 23 3b fe 61 3f 30 fd 1a 20 49 8e 60 b9 6e 34 f0 d9 c1 50 5c 54 ... >,
  offset: 4,
  markedOffset: -1,
  limit: 36,
  littleEndian: true,
  noAssert: false }
[2019-04-25 14:38:47.309] [DEBUG] Query - ===========================================
[2019-04-25 14:38:47.313] [DEBUG] Query - ===========================================
[2019-04-25 14:38:47.313] [DEBUG] Query - ByteBuffer {
  buffer: <Buffer 08 04 12 20 a5 ba 09 ca ad 7f b3 d4 48 44 e1 1f a2 5f 12 c0 be ca fe 80 45 5f ec 59 78 23 3b fe 61 3f 30 fd 1a 20 49 8e 60 b9 6e 34 f0 d9 c1 50 5c 54 ... >,
  offset: 4,
  markedOffset: -1,
  limit: 36,
  littleEndian: true,
  noAssert: false }
[2019-04-25 14:38:47.314] [DEBUG] Query - ===========================================
[2019-04-25 14:38:47.346] [DEBUG] Query - <<< Instantiated Chaincodes >>>
[2019-04-25 14:38:47.346] [DEBUG] Query - name: fabcar, version: 1.0, path: /opt/gopath/src/github.com/fabcar/javascript
[2019-04-25 14:40:45.204] [DEBUG] platform - GetStatus All! [ { status: 'DOWN', server_hostname: 'peer0.org1.example.com' } ]
[2019-04-25 14:43:41.906] [DEBUG] platform - GetStatus All! [ { status: 'DOWN', server_hostname: 'peer0.org1.example.com' } ]
[2019-04-25 14:44:42.418] [DEBUG] platform - GetStatus All! [ { status: 'DOWN', server_hostname: 'peer0.org1.example.com' } ]
[2019-04-25 14:44:42.427] [DEBUG] platform - GetStatus All! [ { status: 'DOWN', server_hostname: 'peer0.org1.example.com' } ]
[2019-04-25 14:46:41.310] [DEBUG] platform - GetStatus All! [ { status: 'DOWN', server_hostname: 'peer0.org1.example.com' } ]
[2019-04-25 14:47:42.092] [DEBUG] platform - GetStatus All! [ { status: 'DOWN', server_hostname: 'peer0.org1.example.com' } ]
[2019-04-25 14:47:42.130] [DEBUG] platform - GetStatus All! [ { status: 'DOWN', server_hostname: 'peer0.org1.example.com' } ]
[2019-04-25 14:49:42.808] [DEBUG] platform - GetStatus All! [ { status: 'DOWN', server_hostname: 'peer0.org1.example.com' } ]
[2019-04-25 14:50:41.105] [DEBUG] platform - GetStatus All! [ { status: 'DOWN', server_hostname: 'peer0.org1.example.com' } ]
[2019-04-25 14:50:41.158] [DEBUG] platform - GetStatus All! [ { status: 'DOWN', server_hostname: 'peer0.org1.example.com' } ]
[2019-04-25 14:50:45.388] [DEBUG] platform - GetStatus All! [ { status: 'DOWN', server_hostname: 'peer0.org1.example.com' } ]
[2019-04-25 14:53:40.483] [DEBUG] platform - GetStatus All! [ { status: 'DOWN', server_hostname: 'peer0.org1.example.com' } ]
[2019-04-25 14:53:45.577] [DEBUG] platform - GetStatus All! [ { status: 'DOWN', server_hostname: 'peer0.org1.example.com' } ]
[2019-04-25 14:55:40.997] [DEBUG] platform - GetStatus All! [ { status: 'DOWN', server_hostname: 'peer0.org1.example.com' } ]
[2019-04-25 14:56:42.495] [DEBUG] platform - GetStatus All! [ { status: 'DOWN', server_hostname: 'peer0.org1.example.com' } ]
[2019-04-25 14:56:42.498] [DEBUG] platform - GetStatus All! [ { status: 'DOWN', server_hostname: 'peer0.org1.example.com' } ]
[2019-04-25 14:56:45.666] [DEBUG] platform - GetStatus All! [ { status: 'DOWN', server_hostname: 'peer0.org1.example.com' } ]
[2019-04-25 14:59:40.857] [DEBUG] platform - GetStatus All! [ { status: 'DOWN', server_hostname: 'peer0.org1.example.com' } ]
[2019-04-25 14:59:45.659] [DEBUG] platform - GetStatus All! [ { status: 'DOWN', server_hostname: 'peer0.org1.example.com' } ]
[2019-04-25 15:00:41.089] [DEBUG] platform - GetStatus All! [ { status: 'DOWN', server_hostname: 'peer0.org1.example.com' } ]
[2019-04-25 15:00:45.663] [DEBUG] platform - GetStatus All! [ { status: 'DOWN', server_hostname: 'peer0.org1.example.com' } ]
[2019-04-25 15:03:43.234] [DEBUG] platform - GetStatus All! [ { status: 'DOWN', server_hostname: 'peer0.org1.example.com' } ]
[2019-04-25 15:04:41.812] [DEBUG] platform - GetStatus All! [ { status: 'DOWN', server_hostname: 'peer0.org1.example.com' } ]
[2019-04-25 15:04:41.867] [DEBUG] platform - GetStatus All! [ { status: 'DOWN', server_hostname: 'peer0.org1.example.com' } ]
[2019-04-25 15:06:42.049] [DEBUG] platform - GetStatus All! [ { status: 'DOWN', server_hostname: 'peer0.org1.example.com' } ]
[2019-04-25 15:07:40.968] [DEBUG] platform - GetStatus All! [ { status: 'DOWN', server_hostname: 'peer0.org1.example.com' } ]
[2019-04-25 15:07:40.974] [DEBUG] platform - GetStatus All! [ { status: 'DOWN', server_hostname: 'peer0.org1.example.com' } ]
[2019-04-25 15:09:40.181] [DEBUG] platform - GetStatus All! [ { status: 'DOWN', server_hostname: 'peer0.org1.example.com' } ]
[2019-04-25 15:10:40.319] [DEBUG] platform - GetStatus All! [ { status: 'DOWN', server_hostname: 'peer0.org1.example.com' } ]
[2019-04-25 15:10:40.322] [DEBUG] platform - GetStatus All! [ { status: 'DOWN', server_hostname: 'peer0.org1.example.com' } ]
[2019-04-25 15:12:41.720] [DEBUG] platform - GetStatus All! [ { status: 'DOWN', server_hostname: 'peer0.org1.example.com' } ]
[2019-04-25 15:13:40.681] [DEBUG] platform - GetStatus All! [ { status: 'DOWN', server_hostname: 'peer0.org1.example.com' } ]
[2019-04-25 15:13:40.731] [DEBUG] platform - GetStatus All! [ { status: 'DOWN', server_hostname: 'peer0.org1.example.com' } ]
[2019-04-25 15:15:41.136] [DEBUG] platform - GetStatus All! [ { status: 'DOWN', server_hostname: 'peer0.org1.example.com' } ]
[2019-04-25 15:16:40.252] [DEBUG] platform - GetStatus All! [ { status: 'DOWN', server_hostname: 'peer0.org1.example.com' } ]
[2019-04-25 15:17:40.481] [DEBUG] platform - GetStatus All! [ { status: 'DOWN', server_hostname: 'peer0.org1.example.com' } ]
[2019-04-25 15:18:40.513] [DEBUG] platform - GetStatus All! [ { status: 'DOWN', server_hostname: 'peer0.org1.example.com' } ]
[2019-04-25 15:20:40.315] [DEBUG] platform - GetStatus All! [ { status: 'DOWN', server_hostname: 'peer0.org1.example.com' } ]
[2019-04-25 15:21:40.126] [DEBUG] platform - GetStatus All! [ { status: 'DOWN', server_hostname: 'peer0.org1.example.com' } ]
[2019-04-25 15:21:40.175] [DEBUG] platform - GetStatus All! [ { status: 'DOWN', server_hostname: 'peer0.org1.example.com' } ]
[2019-04-25 15:21:45.665] [DEBUG] platform - GetStatus All! [ { status: 'DOWN', server_hostname: 'peer0.org1.example.com' } ]
[2019-04-25 15:22:45.653] [DEBUG] platform - GetStatus All! [ { status: 'DOWN', server_hostname: 'peer0.org1.example.com' } ]
[2019-04-25 15:23:45.668] [DEBUG] platform - GetStatus All! [ { status: 'DOWN', server_hostname: 'peer0.org1.example.com' } ]
[2019-04-25 15:24:45.666] [DEBUG] platform - GetStatus All! [ { status: 'DOWN', server_hostname: 'peer0.org1.example.com' } ]
[2019-04-25 15:27:39.972] [DEBUG] platform - GetStatus All! [ { status: 'DOWN', server_hostname: 'peer0.org1.example.com' } ]
[2019-04-25 15:28:40.238] [DEBUG] platform - GetStatus All! [ { status: 'DOWN', server_hostname: 'peer0.org1.example.com' } ]
[2019-04-25 15:28:40.243] [DEBUG] platform - GetStatus All! [ { status: 'DOWN', server_hostname: 'peer0.org1.example.com' } ]
[2019-04-25 15:30:40.604] [DEBUG] platform - GetStatus All! [ { status: 'DOWN', server_hostname: 'peer0.org1.example.com' } ]
[2019-04-25 15:31:41.050] [DEBUG] platform - GetStatus All! [ { status: 'DOWN', server_hostname: 'peer0.org1.example.com' } ]
[2019-04-25 15:32:41.123] [DEBUG] platform - GetStatus All! [ { status: 'DOWN', server_hostname: 'peer0.org1.example.com' } ]
[2019-04-25 15:34:41.076] [DEBUG] platform - GetStatus All! [ { status: 'DOWN', server_hostname: 'peer0.org1.example.com' } ]
[2019-04-25 15:35:40.672] [DEBUG] platform - GetStatus All! [ { status: 'DOWN', server_hostname: 'peer0.org1.example.com' } ]
[2019-04-25 15:35:40.678] [DEBUG] platform - GetStatus All! [ { status: 'DOWN', server_hostname: 'peer0.org1.example.com' } ]
[2019-04-25 15:35:45.664] [DEBUG] platform - GetStatus All! [ { status: 'DOWN', server_hostname: 'peer0.org1.example.com' } ]
[2019-04-25 15:38:42.979] [DEBUG] platform - GetStatus All! [ { status: 'DOWN', server_hostname: 'peer0.org1.example.com' } ]
[2019-04-25 15:39:41.939] [DEBUG] platform - GetStatus All! [ { status: 'DOWN', server_hostname: 'peer0.org1.example.com' } ]
[2019-04-25 15:39:41.940] [DEBUG] platform - GetStatus All! [ { status: 'DOWN', server_hostname: 'peer0.org1.example.com' } ]
[2019-04-25 15:41:40.376] [DEBUG] platform - GetStatus All! [ { status: 'DOWN', server_hostname: 'peer0.org1.example.com' } ]
[2019-04-25 15:41:45.667] [DEBUG] platform - GetStatus All! [ { status: 'DOWN', server_hostname: 'peer0.org1.example.com' } ]
[2019-04-25 15:42:40.810] [DEBUG] platform - GetStatus All! [ { status: 'DOWN', server_hostname: 'peer0.org1.example.com' } ]
[2019-04-25 15:43:40.268] [DEBUG] platform - GetStatus All! [ { status: 'DOWN', server_hostname: 'peer0.org1.example.com' } ]
[2019-04-25 15:45:39.834] [DEBUG] platform - GetStatus All! [ { status: 'DOWN', server_hostname: 'peer0.org1.example.com' } ]
[2019-04-25 15:46:39.820] [DEBUG] platform - GetStatus All! [ { status: 'DOWN', server_hostname: 'peer0.org1.example.com' } ]
[2019-04-25 15:46:39.865] [DEBUG] platform - GetStatus All! [ { status: 'DOWN', server_hostname: 'peer0.org1.example.com' } ]
[2019-04-25 15:48:40.044] [DEBUG] platform - GetStatus All! [ { status: 'DOWN', server_hostname: 'peer0.org1.example.com' } ]
[2019-04-25 15:48:45.657] [DEBUG] platform - GetStatus All! [ { status: 'DOWN', server_hostname: 'peer0.org1.example.com' } ]
[2019-04-25 15:49:39.803] [DEBUG] platform - GetStatus All! [ { status: 'DOWN', server_hostname: 'peer0.org1.example.com' } ]
[2019-04-25 15:51:39.854] [DEBUG] platform - GetStatus All! [ { status: 'DOWN', server_hostname: 'peer0.org1.example.com' } ]
[2019-04-25 15:52:39.909] [DEBUG] platform - GetStatus All! [ { status: 'DOWN', server_hostname: 'peer0.org1.example.com' } ]
[2019-04-25 15:52:39.913] [DEBUG] platform - GetStatus All! [ { status: 'DOWN', server_hostname: 'peer0.org1.example.com' } ]
[2019-04-25 15:54:40.794] [DEBUG] platform - GetStatus All! [ { status: 'DOWN', server_hostname: 'peer0.org1.example.com' } ]
[2019-04-25 15:55:40.211] [DEBUG] platform - GetStatus All! [ { status: 'DOWN', server_hostname: 'peer0.org1.example.com' } ]
[2019-04-25 15:55:40.262] [DEBUG] platform - GetStatus All! [ { status: 'DOWN', server_hostname: 'peer0.org1.example.com' } ]
[2019-04-25 15:55:45.663] [DEBUG] platform - GetStatus All! [ { status: 'DOWN', server_hostname: 'peer0.org1.example.com' } ]
[2019-04-25 15:58:39.924] [DEBUG] platform - GetStatus All! [ { status: 'DOWN', server_hostname: 'peer0.org1.example.com' } ]
[2019-04-25 15:59:39.922] [DEBUG] platform - GetStatus All! [ { status: 'DOWN', server_hostname: 'peer0.org1.example.com' } ]
[2019-04-25 15:59:39.975] [DEBUG] platform - GetStatus All! [ { status: 'DOWN', server_hostname: 'peer0.org1.example.com' } ]
[2019-04-25 16:01:40.763] [DEBUG] platform - GetStatus All! [ { status: 'DOWN', server_hostname: 'peer0.org1.example.com' } ]
[2019-04-25 16:02:40.610] [DEBUG] platform - GetStatus All! [ { status: 'DOWN', server_hostname: 'peer0.org1.example.com' } ]
[2019-04-25 16:02:40.615] [DEBUG] platform - GetStatus All! [ { status: 'DOWN', server_hostname: 'peer0.org1.example.com' } ]
[2019-04-25 16:04:40.944] [DEBUG] platform - GetStatus All! [ { status: 'DOWN', server_hostname: 'peer0.org1.example.com' } ]
[2019-04-25 16:05:40.955] [DEBUG] platform - GetStatus All! [ { status: 'DOWN', server_hostname: 'peer0.org1.example.com' } ]
[2019-04-25 16:05:41.008] [DEBUG] platform - GetStatus All! [ { status: 'DOWN', server_hostname: 'peer0.org1.example.com' } ]
[2019-04-25 16:07:40.765] [DEBUG] platform - GetStatus All! [ { status: 'DOWN', server_hostname: 'peer0.org1.example.com' } ]
[2019-04-25 16:08:40.378] [DEBUG] platform - GetStatus All! [ { status: 'DOWN', server_hostname: 'peer0.org1.example.com' } ]
[2019-04-25 16:08:40.380] [DEBUG] platform - GetStatus All! [ { status: 'DOWN', server_hostname: 'peer0.org1.example.com' } ]
[2019-04-25 16:08:45.649] [DEBUG] platform - GetStatus All! [ { status: 'DOWN', server_hostname: 'peer0.org1.example.com' } ]
[2019-04-25 16:10:39.971] [DEBUG] platform - GetStatus All! [ { status: 'DOWN', server_hostname: 'peer0.org1.example.com' } ]
[2019-04-25 16:12:40.096] [DEBUG] platform - GetStatus All! [ { status: 'DOWN', server_hostname: 'peer0.org1.example.com' } ]
[2019-04-25 16:13:39.878] [DEBUG] platform - GetStatus All! [ { status: 'DOWN', server_hostname: 'peer0.org1.example.com' } ]
[2019-04-25 16:13:39.926] [DEBUG] platform - GetStatus All! [ { status: 'DOWN', server_hostname: 'peer0.org1.example.com' } ]
[2019-04-25 16:15:40.663] [DEBUG] platform - GetStatus All! [ { status: 'DOWN', server_hostname: 'peer0.org1.example.com' } ]
[2019-04-25 16:16:39.895] [DEBUG] platform - GetStatus All! [ { status: 'DOWN', server_hostname: 'peer0.org1.example.com' } ]
[2019-04-25 16:16:39.947] [DEBUG] platform - GetStatus All! [ { status: 'DOWN', server_hostname: 'peer0.org1.example.com' } ]
[2019-04-25 16:16:45.651] [DEBUG] platform - GetStatus All! [ { status: 'DOWN', server_hostname: 'peer0.org1.example.com' } ]
[2019-04-25 16:19:40.056] [DEBUG] platform - GetStatus All! [ { status: 'DOWN', server_hostname: 'peer0.org1.example.com' } ]
[2019-04-25 16:20:41.496] [DEBUG] platform - GetStatus All! [ { status: 'DOWN', server_hostname: 'peer0.org1.example.com' } ]
[2019-04-25 16:20:41.542] [DEBUG] platform - GetStatus All! [ { status: 'DOWN', server_hostname: 'peer0.org1.example.com' } ]
[2019-04-25 16:22:40.565] [DEBUG] platform - GetStatus All! [ { status: 'DOWN', server_hostname: 'peer0.org1.example.com' } ]
[2019-04-25 16:22:45.658] [DEBUG] platform - GetStatus All! [ { status: 'DOWN', server_hostname: 'peer0.org1.example.com' } ]
[2019-04-25 16:23:39.893] [DEBUG] platform - GetStatus All! [ { status: 'DOWN', server_hostname: 'peer0.org1.example.com' } ]
[2019-04-25 16:25:39.847] [DEBUG] platform - GetStatus All! [ { status: 'DOWN', server_hostname: 'peer0.org1.example.com' } ]
[2019-04-25 16:26:40.168] [DEBUG] platform - GetStatus All! [ { status: 'DOWN', server_hostname: 'peer0.org1.example.com' } ]
[2019-04-25 16:26:40.172] [DEBUG] platform - GetStatus All! [ { status: 'DOWN', server_hostname: 'peer0.org1.example.com' } ]
[2019-04-25 16:28:40.116] [DEBUG] platform - GetStatus All! [ { status: 'DOWN', server_hostname: 'peer0.org1.example.com' } ]
[2019-04-25 16:29:40.057] [DEBUG] platform - GetStatus All! [ { status: 'DOWN', server_hostname: 'peer0.org1.example.com' } ]
[2019-04-25 16:29:40.060] [DEBUG] platform - GetStatus All! [ { status: 'DOWN', server_hostname: 'peer0.org1.example.com' } ]
[2019-04-25 16:31:39.857] [DEBUG] platform - GetStatus All! [ { status: 'DOWN', server_hostname: 'peer0.org1.example.com' } ]
[2019-04-25 16:32:39.956] [DEBUG] platform - GetStatus All! [ { status: 'DOWN', server_hostname: 'peer0.org1.example.com' } ]
[2019-04-25 16:32:39.961] [DEBUG] platform - GetStatus All! [ { status: 'DOWN', server_hostname: 'peer0.org1.example.com' } ]
[2019-04-25 16:32:45.663] [DEBUG] platform - GetStatus All! [ { status: 'DOWN', server_hostname: 'peer0.org1.example.com' } ]
[2019-04-25 16:35:40.878] [DEBUG] platform - GetStatus All! [ { status: 'DOWN', server_hostname: 'peer0.org1.example.com' } ]
[2019-04-25 16:36:40.995] [DEBUG] platform - GetStatus All! [ { status: 'DOWN', server_hostname: 'peer0.org1.example.com' } ]
[2019-04-25 16:36:40.998] [DEBUG] platform - GetStatus All! [ { status: 'DOWN', server_hostname: 'peer0.org1.example.com' } ]
[2019-04-25 16:38:40.954] [DEBUG] platform - GetStatus All! [ { status: 'DOWN', server_hostname: 'peer0.org1.example.com' } ]
[2019-04-25 16:39:40.557] [DEBUG] platform - GetStatus All! [ { status: 'DOWN', server_hostname: 'peer0.org1.example.com' } ]
[2019-04-25 16:39:40.608] [DEBUG] platform - GetStatus All! [ { status: 'DOWN', server_hostname: 'peer0.org1.example.com' } ]
[2019-04-25 16:41:40.767] [DEBUG] platform - GetStatus All! [ { status: 'DOWN', server_hostname: 'peer0.org1.example.com' } ]
[2019-04-25 16:42:40.060] [DEBUG] platform - GetStatus All! [ { status: 'DOWN', server_hostname: 'peer0.org1.example.com' } ]
[2019-04-25 16:42:40.063] [DEBUG] platform - GetStatus All! [ { status: 'DOWN', server_hostname: 'peer0.org1.example.com' } ]
[2019-04-25 16:42:45.651] [DEBUG] platform - GetStatus All! [ { status: 'DOWN', server_hostname: 'peer0.org1.example.com' } ]
[2019-04-25 16:45:41.357] [DEBUG] platform - GetStatus All! [ { status: 'DOWN', server_hostname: 'peer0.org1.example.com' } ]
[2019-04-25 16:46:41.445] [DEBUG] platform - GetStatus All! [ { status: 'DOWN', server_hostname: 'peer0.org1.example.com' } ]
[2019-04-25 16:46:41.499] [DEBUG] platform - GetStatus All! [ { status: 'DOWN', server_hostname: 'peer0.org1.example.com' } ]
[2019-04-25 16:47:40.157] [DEBUG] platform - GetStatus All! [ { status: 'DOWN', server_hostname: 'peer0.org1.example.com' } ]
[2019-04-25 16:49:40.141] [DEBUG] platform - GetStatus All! [ { status: 'DOWN', server_hostname: 'peer0.org1.example.com' } ]
[2019-04-25 16:50:40.384] [DEBUG] platform - GetStatus All! [ { status: 'DOWN', server_hostname: 'peer0.org1.example.com' } ]
[2019-04-25 16:50:40.434] [DEBUG] platform - GetStatus All! [ { status: 'DOWN', server_hostname: 'peer0.org1.example.com' } ]
[2019-04-25 16:52:40.319] [DEBUG] platform - GetStatus All! [ { status: 'DOWN', server_hostname: 'peer0.org1.example.com' } ]
[2019-04-25 16:53:40.685] [DEBUG] platform - GetStatus All! [ { status: 'DOWN', server_hostname: 'peer0.org1.example.com' } ]
[2019-04-25 16:53:40.734] [DEBUG] platform - GetStatus All! [ { status: 'DOWN', server_hostname: 'peer0.org1.example.com' } ]
[2019-04-25 16:55:40.227] [DEBUG] platform - GetStatus All! [ { status: 'DOWN', server_hostname: 'peer0.org1.example.com' } ]
[2019-04-25 16:56:40.353] [DEBUG] platform - GetStatus All! [ { status: 'DOWN', server_hostname: 'peer0.org1.example.com' } ]
[2019-04-25 16:56:40.356] [DEBUG] platform - GetStatus All! [ { status: 'DOWN', server_hostname: 'peer0.org1.example.com' } ]
[2019-04-25 16:57:41.054] [DEBUG] platform - GetStatus All! [ { status: 'DOWN', server_hostname: 'peer0.org1.example.com' } ]
[2019-04-25 16:59:41.025] [DEBUG] platform - GetStatus All! [ { status: 'DOWN', server_hostname: 'peer0.org1.example.com' } ]
[2019-04-25 17:00:40.546] [DEBUG] platform - GetStatus All! [ { status: 'DOWN', server_hostname: 'peer0.org1.example.com' } ]
[2019-04-25 17:00:40.551] [DEBUG] platform - GetStatus All! [ { status: 'DOWN', server_hostname: 'peer0.org1.example.com' } ]
[2019-04-25 17:02:40.243] [DEBUG] platform - GetStatus All! [ { status: 'DOWN', server_hostname: 'peer0.org1.example.com' } ]
[2019-04-25 17:03:40.537] [DEBUG] platform - GetStatus All! [ { status: 'DOWN', server_hostname: 'peer0.org1.example.com' } ]
[2019-04-25 17:03:40.539] [DEBUG] platform - GetStatus All! [ { status: 'DOWN', server_hostname: 'peer0.org1.example.com' } ]
[2019-04-25 17:04:40.681] [DEBUG] platform - GetStatus All! [ { status: 'DOWN', server_hostname: 'peer0.org1.example.com' } ]
[2019-04-25 17:04:45.660] [DEBUG] platform - GetStatus All! [ { status: 'DOWN', server_hostname: 'peer0.org1.example.com' } ]
[2019-04-25 17:07:41.009] [DEBUG] platform - GetStatus All! [ { status: 'DOWN', server_hostname: 'peer0.org1.example.com' } ]
[2019-04-25 17:08:40.378] [DEBUG] platform - GetStatus All! [ { status: 'DOWN', server_hostname: 'peer0.org1.example.com' } ]
[2019-04-25 17:08:40.381] [DEBUG] platform - GetStatus All! [ { status: 'DOWN', server_hostname: 'peer0.org1.example.com' } ]
[2019-04-25 17:10:42.092] [DEBUG] platform - GetStatus All! [ { status: 'DOWN', server_hostname: 'peer0.org1.example.com' } ]
[2019-04-25 17:11:41.637] [DEBUG] platform - GetStatus All! [ { status: 'DOWN', server_hostname: 'peer0.org1.example.com' } ]
[2019-04-25 17:11:41.648] [DEBUG] platform - GetStatus All! [ { status: 'DOWN', server_hostname: 'peer0.org1.example.com' } ]
[2019-04-25 17:13:43.312] [DEBUG] platform - GetStatus All! [ { status: 'DOWN', server_hostname: 'peer0.org1.example.com' } ]
[2019-04-25 17:14:42.748] [DEBUG] platform - GetStatus All! [ { status: 'DOWN', server_hostname: 'peer0.org1.example.com' } ]
[2019-04-25 17:14:42.802] [DEBUG] platform - GetStatus All! [ { status: 'DOWN', server_hostname: 'peer0.org1.example.com' } ]
[2019-04-25 17:16:41.639] [DEBUG] platform - GetStatus All! [ { status: 'DOWN', server_hostname: 'peer0.org1.example.com' } ]
[2019-04-25 17:17:41.818] [DEBUG] platform - GetStatus All! [ { status: 'DOWN', server_hostname: 'peer0.org1.example.com' } ]
[2019-04-25 17:17:41.866] [DEBUG] platform - GetStatus All! [ { status: 'DOWN', server_hostname: 'peer0.org1.example.com' } ]
[2019-04-25 17:19:41.183] [DEBUG] platform - GetStatus All! [ { status: 'DOWN', server_hostname: 'peer0.org1.example.com' } ]
[2019-04-25 17:20:41.653] [DEBUG] platform - GetStatus All! [ { status: 'DOWN', server_hostname: 'peer0.org1.example.com' } ]
[2019-04-25 17:20:41.657] [DEBUG] platform - GetStatus All! [ { status: 'DOWN', server_hostname: 'peer0.org1.example.com' } ]
[2019-04-25 17:22:39.973] [DEBUG] platform - GetStatus All! [ { status: 'DOWN', server_hostname: 'peer0.org1.example.com' } ]
[2019-04-25 17:23:39.887] [DEBUG] platform - GetStatus All! [ { status: 'DOWN', server_hostname: 'peer0.org1.example.com' } ]
[2019-04-25 17:23:39.939] [DEBUG] platform - GetStatus All! [ { status: 'DOWN', server_hostname: 'peer0.org1.example.com' } ]
[2019-04-25 17:25:40.189] [DEBUG] platform - GetStatus All! [ { status: 'DOWN', server_hostname: 'peer0.org1.example.com' } ]
[2019-04-25 17:26:40.303] [DEBUG] platform - GetStatus All! [ { status: 'DOWN', server_hostname: 'peer0.org1.example.com' } ]
[2019-04-25 17:26:40.360] [DEBUG] platform - GetStatus All! [ { status: 'DOWN', server_hostname: 'peer0.org1.example.com' } ]
[2019-04-25 17:28:40.383] [DEBUG] platform - GetStatus All! [ { status: 'DOWN', server_hostname: 'peer0.org1.example.com' } ]
[2019-04-25 17:29:40.121] [DEBUG] platform - GetStatus All! [ { status: 'DOWN', server_hostname: 'peer0.org1.example.com' } ]
[2019-04-25 17:29:40.124] [DEBUG] platform - GetStatus All! [ { status: 'DOWN', server_hostname: 'peer0.org1.example.com' } ]
[2019-04-25 17:31:40.006] [DEBUG] platform - GetStatus All! [ { status: 'DOWN', server_hostname: 'peer0.org1.example.com' } ]
[2019-04-25 17:32:39.885] [DEBUG] platform - GetStatus All! [ { status: 'DOWN', server_hostname: 'peer0.org1.example.com' } ]
[2019-04-25 17:32:39.888] [DEBUG] platform - GetStatus All! [ { status: 'DOWN', server_hostname: 'peer0.org1.example.com' } ]
[2019-04-25 17:34:40.687] [DEBUG] platform - GetStatus All! [ { status: 'DOWN', server_hostname: 'peer0.org1.example.com' } ]
[2019-04-25 17:35:41.330] [DEBUG] platform - GetStatus All! [ { status: 'DOWN', server_hostname: 'peer0.org1.example.com' } ]
[2019-04-25 17:35:41.378] [DEBUG] platform - GetStatus All! [ { status: 'DOWN', server_hostname: 'peer0.org1.example.com' } ]
[2019-04-25 17:37:40.534] [DEBUG] platform - GetStatus All! [ { status: 'DOWN', server_hostname: 'peer0.org1.example.com' } ]
[2019-04-25 17:38:40.721] [DEBUG] platform - GetStatus All! [ { status: 'DOWN', server_hostname: 'peer0.org1.example.com' } ]
[2019-04-25 17:38:40.724] [DEBUG] platform - GetStatus All! [ { status: 'DOWN', server_hostname: 'peer0.org1.example.com' } ]
[2019-04-25 17:38:45.662] [DEBUG] platform - GetStatus All! [ { status: 'DOWN', server_hostname: 'peer0.org1.example.com' } ]
[2019-04-25 17:39:45.658] [DEBUG] platform - GetStatus All! [ { status: 'DOWN', server_hostname: 'peer0.org1.example.com' } ]
[2019-04-25 17:42:41.765] [DEBUG] platform - GetStatus All! [ { status: 'DOWN', server_hostname: 'peer0.org1.example.com' } ]
[2019-04-25 17:43:41.508] [DEBUG] platform - GetStatus All! [ { status: 'DOWN', server_hostname: 'peer0.org1.example.com' } ]
[2019-04-25 17:43:41.558] [DEBUG] platform - GetStatus All! [ { status: 'DOWN', server_hostname: 'peer0.org1.example.com' } ]
[2019-04-25 17:45:40.562] [DEBUG] platform - GetStatus All! [ { status: 'DOWN', server_hostname: 'peer0.org1.example.com' } ]
[2019-04-25 17:46:40.099] [DEBUG] platform - GetStatus All! [ { status: 'DOWN', server_hostname: 'peer0.org1.example.com' } ]
[2019-04-25 17:46:40.102] [DEBUG] platform - GetStatus All! [ { status: 'DOWN', server_hostname: 'peer0.org1.example.com' } ]
[2019-04-25 17:48:39.925] [DEBUG] platform - GetStatus All! [ { status: 'DOWN', server_hostname: 'peer0.org1.example.com' } ]
[2019-04-25 17:48:45.650] [DEBUG] platform - GetStatus All! [ { status: 'DOWN', server_hostname: 'peer0.org1.example.com' } ]
[2019-04-25 17:49:39.871] [DEBUG] platform - GetStatus All! [ { status: 'DOWN', server_hostname: 'peer0.org1.example.com' } ]
[2019-04-25 17:49:45.662] [DEBUG] platform - GetStatus All! [ { status: 'DOWN', server_hostname: 'peer0.org1.example.com' } ]
[2019-04-25 17:52:39.861] [DEBUG] platform - GetStatus All! [ { status: 'DOWN', server_hostname: 'peer0.org1.example.com' } ]
[2019-04-25 17:53:39.938] [DEBUG] platform - GetStatus All! [ { status: 'DOWN', server_hostname: 'peer0.org1.example.com' } ]
[2019-04-25 17:53:39.991] [DEBUG] platform - GetStatus All! [ { status: 'DOWN', server_hostname: 'peer0.org1.example.com' } ]
[2019-04-25 17:54:41.731] [DEBUG] platform - GetStatus All! [ { status: 'DOWN', server_hostname: 'peer0.org1.example.com' } ]
[2019-04-25 17:56:39.979] [DEBUG] platform - GetStatus All! [ { status: 'DOWN', server_hostname: 'peer0.org1.example.com' } ]
[2019-04-25 17:57:39.920] [DEBUG] platform - GetStatus All! [ { status: 'DOWN', server_hostname: 'peer0.org1.example.com' } ]
[2019-04-25 17:57:39.970] [DEBUG] platform - GetStatus All! [ { status: 'DOWN', server_hostname: 'peer0.org1.example.com' } ]
[2019-04-25 17:57:45.651] [DEBUG] platform - GetStatus All! [ { status: 'DOWN', server_hostname: 'peer0.org1.example.com' } ]
[2019-04-25 18:00:39.812] [DEBUG] platform - GetStatus All! [ { status: 'DOWN', server_hostname: 'peer0.org1.example.com' } ]
[2019-04-25 18:01:40.534] [DEBUG] platform - GetStatus All! [ { status: 'DOWN', server_hostname: 'peer0.org1.example.com' } ]
[2019-04-25 18:01:40.539] [DEBUG] platform - GetStatus All! [ { status: 'DOWN', server_hostname: 'peer0.org1.example.com' } ]
[2019-04-25 18:03:39.906] [DEBUG] platform - GetStatus All! [ { status: 'DOWN', server_hostname: 'peer0.org1.example.com' } ]
[2019-04-25 18:04:40.807] [DEBUG] platform - GetStatus All! [ { status: 'DOWN', server_hostname: 'peer0.org1.example.com' } ]
[2019-04-25 18:04:40.810] [DEBUG] platform - GetStatus All! [ { status: 'DOWN', server_hostname: 'peer0.org1.example.com' } ]
[2019-04-25 18:04:45.660] [DEBUG] platform - GetStatus All! [ { status: 'DOWN', server_hostname: 'peer0.org1.example.com' } ]
[2019-04-25 18:07:40.008] [DEBUG] platform - GetStatus All! [ { status: 'DOWN', server_hostname: 'peer0.org1.example.com' } ]
[2019-04-25 18:08:39.927] [DEBUG] platform - GetStatus All! [ { status: 'DOWN', server_hostname: 'peer0.org1.example.com' } ]
[2019-04-25 18:08:39.929] [DEBUG] platform - GetStatus All! [ { status: 'DOWN', server_hostname: 'peer0.org1.example.com' } ]
[2019-04-25 18:10:41.098] [DEBUG] platform - GetStatus All! [ { status: 'DOWN', server_hostname: 'peer0.org1.example.com' } ]
[2019-04-25 18:11:39.883] [DEBUG] platform - GetStatus All! [ { status: 'DOWN', server_hostname: 'peer0.org1.example.com' } ]
[2019-04-25 18:11:39.935] [DEBUG] platform - GetStatus All! [ { status: 'DOWN', server_hostname: 'peer0.org1.example.com' } ]
[2019-04-25 18:11:45.652] [DEBUG] platform - GetStatus All! [ { status: 'DOWN', server_hostname: 'peer0.org1.example.com' } ]
[2019-04-25 18:14:39.904] [DEBUG] platform - GetStatus All! [ { status: 'DOWN', server_hostname: 'peer0.org1.example.com' } ]
[2019-04-25 18:15:39.989] [DEBUG] platform - GetStatus All! [ { status: 'DOWN', server_hostname: 'peer0.org1.example.com' } ]
[2019-04-25 18:15:40.039] [DEBUG] platform - GetStatus All! [ { status: 'DOWN', server_hostname: 'peer0.org1.example.com' } ]
[2019-04-25 18:17:40.990] [DEBUG] platform - GetStatus All! [ { status: 'DOWN', server_hostname: 'peer0.org1.example.com' } ]
[2019-04-25 18:18:40.803] [DEBUG] platform - GetStatus All! [ { status: 'DOWN', server_hostname: 'peer0.org1.example.com' } ]
[2019-04-25 18:18:40.851] [DEBUG] platform - GetStatus All! [ { status: 'DOWN', server_hostname: 'peer0.org1.example.com' } ]
[2019-04-25 18:20:40.623] [DEBUG] platform - GetStatus All! [ { status: 'DOWN', server_hostname: 'peer0.org1.example.com' } ]
[2019-04-25 18:20:45.660] [DEBUG] platform - GetStatus All! [ { status: 'DOWN', server_hostname: 'peer0.org1.example.com' } ]
[2019-04-25 18:21:40.304] [DEBUG] platform - GetStatus All! [ { status: 'DOWN', server_hostname: 'peer0.org1.example.com' } ]
[2019-04-25 18:23:41.058] [DEBUG] platform - GetStatus All! [ { status: 'DOWN', server_hostname: 'peer0.org1.example.com' } ]
[2019-04-25 18:23:45.659] [DEBUG] platform - GetStatus All! [ { status: 'DOWN', server_hostname: 'peer0.org1.example.com' } ]
[2019-04-25 18:24:40.734] [DEBUG] platform - GetStatus All! [ { status: 'DOWN', server_hostname: 'peer0.org1.example.com' } ]
[2019-04-25 18:24:45.659] [DEBUG] platform - GetStatus All! [ { status: 'DOWN', server_hostname: 'peer0.org1.example.com' } ]
[2019-04-25 18:26:40.164] [DEBUG] platform - GetStatus All! [ { status: 'DOWN', server_hostname: 'peer0.org1.example.com' } ]
[2019-04-25 18:27:39.964] [DEBUG] platform - GetStatus All! [ { status: 'DOWN', server_hostname: 'peer0.org1.example.com' } ]
[2019-04-25 18:29:39.986] [DEBUG] platform - GetStatus All! [ { status: 'DOWN', server_hostname: 'peer0.org1.example.com' } ]
[2019-04-25 18:30:40.000] [DEBUG] platform - GetStatus All! [ { status: 'DOWN', server_hostname: 'peer0.org1.example.com' } ]
[2019-04-25 18:30:40.005] [DEBUG] platform - GetStatus All! [ { status: 'DOWN', server_hostname: 'peer0.org1.example.com' } ]
[2019-04-25 18:30:45.663] [DEBUG] platform - GetStatus All! [ { status: 'DOWN', server_hostname: 'peer0.org1.example.com' } ]
[2019-04-25 18:33:40.619] [DEBUG] platform - GetStatus All! [ { status: 'DOWN', server_hostname: 'peer0.org1.example.com' } ]
[2019-04-25 18:34:40.805] [DEBUG] platform - GetStatus All! [ { status: 'DOWN', server_hostname: 'peer0.org1.example.com' } ]
[2019-04-25 18:34:40.860] [DEBUG] platform - GetStatus All! [ { status: 'DOWN', server_hostname: 'peer0.org1.example.com' } ]
[2019-04-25 18:34:45.658] [DEBUG] platform - GetStatus All! [ { status: 'DOWN', server_hostname: 'peer0.org1.example.com' } ]
[2019-04-25 18:35:45.652] [DEBUG] platform - GetStatus All! [ { status: 'DOWN', server_hostname: 'peer0.org1.example.com' } ]
[2019-04-25 18:38:40.941] [DEBUG] platform - GetStatus All! [ { status: 'DOWN', server_hostname: 'peer0.org1.example.com' } ]
[2019-04-25 18:39:41.179] [DEBUG] platform - GetStatus All! [ { status: 'DOWN', server_hostname: 'peer0.org1.example.com' } ]
[2019-04-25 18:39:41.179] [DEBUG] platform - GetStatus All! [ { status: 'DOWN', server_hostname: 'peer0.org1.example.com' } ]
[2019-04-25 18:39:45.649] [DEBUG] platform - GetStatus All! [ { status: 'DOWN', server_hostname: 'peer0.org1.example.com' } ]
[2019-04-25 18:42:39.998] [DEBUG] platform - GetStatus All! [ { status: 'DOWN', server_hostname: 'peer0.org1.example.com' } ]
[2019-04-25 18:42:45.656] [DEBUG] platform - GetStatus All! [ { status: 'DOWN', server_hostname: 'peer0.org1.example.com' } ]
[2019-04-25 18:43:39.967] [DEBUG] platform - GetStatus All! [ { status: 'DOWN', server_hostname: 'peer0.org1.example.com' } ]
[2019-04-25 18:45:40.127] [DEBUG] platform - GetStatus All! [ { status: 'DOWN', server_hostname: 'peer0.org1.example.com' } ]
[2019-04-25 18:46:39.911] [DEBUG] platform - GetStatus All! [ { status: 'DOWN', server_hostname: 'peer0.org1.example.com' } ]
[2019-04-25 18:46:39.915] [DEBUG] platform - GetStatus All! [ { status: 'DOWN', server_hostname: 'peer0.org1.example.com' } ]
[2019-04-25 18:48:39.901] [DEBUG] platform - GetStatus All! [ { status: 'DOWN', server_hostname: 'peer0.org1.example.com' } ]
[2019-04-25 18:49:39.911] [DEBUG] platform - GetStatus All! [ { status: 'DOWN', server_hostname: 'peer0.org1.example.com' } ]
[2019-04-25 18:49:39.914] [DEBUG] platform - GetStatus All! [ { status: 'DOWN', server_hostname: 'peer0.org1.example.com' } ]
[2019-04-25 18:51:39.848] [DEBUG] platform - GetStatus All! [ { status: 'DOWN', server_hostname: 'peer0.org1.example.com' } ]
[2019-04-25 18:52:39.855] [DEBUG] platform - GetStatus All! [ { status: 'DOWN', server_hostname: 'peer0.org1.example.com' } ]
[2019-04-25 18:52:39.859] [DEBUG] platform - GetStatus All! [ { status: 'DOWN', server_hostname: 'peer0.org1.example.com' } ]
[2019-04-25 18:54:39.887] [DEBUG] platform - GetStatus All! [ { status: 'DOWN', server_hostname: 'peer0.org1.example.com' } ]
[2019-04-25 18:55:40.117] [DEBUG] platform - GetStatus All! [ { status: 'DOWN', server_hostname: 'peer0.org1.example.com' } ]
[2019-04-25 18:55:40.120] [DEBUG] platform - GetStatus All! [ { status: 'DOWN', server_hostname: 'peer0.org1.example.com' } ]
[2019-04-25 18:57:40.248] [DEBUG] platform - GetStatus All! [ { status: 'DOWN', server_hostname: 'peer0.org1.example.com' } ]
